<?xml version="1.0" encoding="UTF-8"?>
<!-- Generated by org.testng.reporters.JUnitReportReporter -->
<testsuite hostname="Aachals-Laptop" failures="0" tests="1" name="com.TestLayer.UserRegisterPageTest" time="1.370" errors="0" timestamp="2023-07-21T22:35:31 IST" skipped="0">
  <testcase classname="com.TestLayer.UserRegisterPageTest" name="validateUserRegistration" time="1.370"/>
  <system-out/>
</testsuite> <!-- com.TestLayer.UserRegisterPageTest -->
